<?xml version="1.0" encoding="UTF-8"?>
<!-- Generated by org.testng.reporters.JUnitXMLReporter -->
<testsuite ignored="0" hostname="DESKTOP-M6KGTFV" failures="0" tests="3" name="ChromeTest" time="44.998" errors="0" timestamp="2025-02-15T15:28:20 IST">
  <testcase classname="com.finalpa.Assessment" name="user_Click_The_Parfum_Category" time="11.258"/>
  <testcase classname="com.finalpa.Assessment" name="user_Clicks_The_All_Filter_Options" time="29.982"/>
  <testcase classname="com.finalpa.Assessment" name="validate_The_Listed_Products" time="1.544"/>
</testsuite> <!-- ChromeTest -->
