<?xml version="1.0" encoding="UTF-8"?>
<!-- Generated by org.testng.reporters.JUnitXMLReporter -->
<testsuite ignored="0" hostname="DESKTOP-M6KGTFV" failures="0" tests="3" name="EdgeTest" time="45.644" errors="0" timestamp="2025-02-15T15:29:06 IST">
  <testcase classname="com.finalpa.Assessment" name="user_Click_The_Parfum_Category" time="9.193"/>
  <testcase classname="com.finalpa.Assessment" name="user_Clicks_The_All_Filter_Options" time="28.969"/>
  <testcase classname="com.finalpa.Assessment" name="validate_The_Listed_Products" time="4.794"/>
</testsuite> <!-- EdgeTest -->
